1726300350.093361 client started (9671): version 3.4, socket /private/tmp/tmux-501/default, protocol 8
1726300350.093425 on Darwin 23.6.0 Darwin Kernel Version 23.6.0: Mon Jul 29 21:14:30 PDT 2024; root:xnu-10063.141.2~1/RELEASE_ARM64_T6000
1726300350.093437 using libevent 2.1.12-stable select
1726300350.093485 using utf8proc 2.9.0
1726300350.093491 using ncurses 6.4 20221231
1726300350.093505 flags are 0x18010000
1726300350.093510 socket is /private/tmp/tmux-501/default
1726300350.093522 trying connect
1726300350.093538 connect failed: No such file or directory
1726300350.093554 lock file is /private/tmp/tmux-501/default.lock
1726300350.093614 flock succeeded
1726300350.093621 got lock (6)
1726300350.093627 trying connect
1726300350.093692 connect failed: No such file or directory
1726300350.094050 add peer 0x130008000: 7 (0x0)
1726300350.096078 sending message 100 to peer 0x130008000 (4 bytes)
1726300350.096097 sending message 111 to peer 0x130008000 (8 bytes)
1726300350.096107 sending message 101 to peer 0x130008000 (15 bytes)
1726300350.096115 sending message 109 to peer 0x130008000 (4 bytes)
1726300350.096122 sending message 102 to peer 0x130008000 (13 bytes)
1726300350.096129 sending message 108 to peer 0x130008000 (30 bytes)
1726300350.096135 sending message 112 to peer 0x130008000 (58 bytes)
1726300350.096142 sending message 112 to peer 0x130008000 (5 bytes)
1726300350.096149 sending message 112 to peer 0x130008000 (5 bytes)
1726300350.096155 sending message 112 to peer 0x130008000 (6 bytes)
1726300350.096161 sending message 112 to peer 0x130008000 (6 bytes)
1726300350.096167 sending message 112 to peer 0x130008000 (11 bytes)
1726300350.096173 sending message 112 to peer 0x130008000 (10 bytes)
1726300350.096180 sending message 112 to peer 0x130008000 (13 bytes)
1726300350.096186 sending message 112 to peer 0x130008000 (14 bytes)
1726300350.096192 sending message 112 to peer 0x130008000 (19 bytes)
1726300350.096198 sending message 112 to peer 0x130008000 (11 bytes)
1726300350.096204 sending message 112 to peer 0x130008000 (10 bytes)
1726300350.096210 sending message 112 to peer 0x130008000 (15 bytes)
1726300350.096216 sending message 112 to peer 0x130008000 (21 bytes)
1726300350.096222 sending message 112 to peer 0x130008000 (13 bytes)
1726300350.096228 sending message 112 to peer 0x130008000 (7 bytes)
1726300350.096234 sending message 112 to peer 0x130008000 (13 bytes)
1726300350.096240 sending message 112 to peer 0x130008000 (7 bytes)
1726300350.096247 sending message 112 to peer 0x130008000 (13 bytes)
1726300350.096253 sending message 112 to peer 0x130008000 (9 bytes)
1726300350.096259 sending message 112 to peer 0x130008000 (21 bytes)
1726300350.096265 sending message 112 to peer 0x130008000 (13 bytes)
1726300350.096271 sending message 112 to peer 0x130008000 (9 bytes)
1726300350.096277 sending message 112 to peer 0x130008000 (16 bytes)
1726300350.096283 sending message 112 to peer 0x130008000 (13 bytes)
1726300350.096287 sending message 112 to peer 0x130008000 (9 bytes)
1726300350.096292 sending message 112 to peer 0x130008000 (9 bytes)
1726300350.096297 sending message 112 to peer 0x130008000 (12 bytes)
1726300350.096302 sending message 112 to peer 0x130008000 (8 bytes)
1726300350.096307 sending message 112 to peer 0x130008000 (8 bytes)
1726300350.096311 sending message 112 to peer 0x130008000 (13 bytes)
1726300350.096316 sending message 112 to peer 0x130008000 (7 bytes)
1726300350.096322 sending message 112 to peer 0x130008000 (7 bytes)
1726300350.096327 sending message 112 to peer 0x130008000 (9 bytes)
1726300350.096333 sending message 112 to peer 0x130008000 (9 bytes)
1726300350.096339 sending message 112 to peer 0x130008000 (15 bytes)
1726300350.096345 sending message 112 to peer 0x130008000 (13 bytes)
1726300350.096351 sending message 112 to peer 0x130008000 (12 bytes)
1726300350.096357 sending message 112 to peer 0x130008000 (8 bytes)
1726300350.096365 sending message 112 to peer 0x130008000 (14 bytes)
1726300350.096370 sending message 112 to peer 0x130008000 (11 bytes)
1726300350.096375 sending message 112 to peer 0x130008000 (9 bytes)
1726300350.096390 sending message 112 to peer 0x130008000 (10 bytes)
1726300350.096395 sending message 112 to peer 0x130008000 (10 bytes)
1726300350.096400 sending message 112 to peer 0x130008000 (10 bytes)
1726300350.096404 sending message 112 to peer 0x130008000 (10 bytes)
1726300350.096409 sending message 112 to peer 0x130008000 (11 bytes)
1726300350.096412 sending message 112 to peer 0x130008000 (12 bytes)
1726300350.096416 sending message 112 to peer 0x130008000 (12 bytes)
1726300350.096419 sending message 112 to peer 0x130008000 (12 bytes)
1726300350.096423 sending message 112 to peer 0x130008000 (12 bytes)
1726300350.096426 sending message 112 to peer 0x130008000 (12 bytes)
1726300350.096430 sending message 112 to peer 0x130008000 (11 bytes)
1726300350.096433 sending message 112 to peer 0x130008000 (11 bytes)
1726300350.096437 sending message 112 to peer 0x130008000 (12 bytes)
1726300350.096440 sending message 112 to peer 0x130008000 (12 bytes)
1726300350.096444 sending message 112 to peer 0x130008000 (12 bytes)
1726300350.096447 sending message 112 to peer 0x130008000 (12 bytes)
1726300350.096451 sending message 112 to peer 0x130008000 (12 bytes)
1726300350.096455 sending message 112 to peer 0x130008000 (9 bytes)
1726300350.096458 sending message 112 to peer 0x130008000 (12 bytes)
1726300350.096463 sending message 112 to peer 0x130008000 (13 bytes)
1726300350.096467 sending message 112 to peer 0x130008000 (13 bytes)
1726300350.096472 sending message 112 to peer 0x130008000 (13 bytes)
1726300350.096476 sending message 112 to peer 0x130008000 (13 bytes)
1726300350.096480 sending message 112 to peer 0x130008000 (13 bytes)
1726300350.096485 sending message 112 to peer 0x130008000 (8 bytes)
1726300350.096489 sending message 112 to peer 0x130008000 (11 bytes)
1726300350.096493 sending message 112 to peer 0x130008000 (11 bytes)
1726300350.096497 sending message 112 to peer 0x130008000 (11 bytes)
1726300350.096500 sending message 112 to peer 0x130008000 (12 bytes)
1726300350.096503 sending message 112 to peer 0x130008000 (12 bytes)
1726300350.096506 sending message 112 to peer 0x130008000 (12 bytes)
1726300350.096509 sending message 112 to peer 0x130008000 (12 bytes)
1726300350.096513 sending message 112 to peer 0x130008000 (13 bytes)
1726300350.096516 sending message 112 to peer 0x130008000 (13 bytes)
1726300350.096519 sending message 112 to peer 0x130008000 (13 bytes)
1726300350.096523 sending message 112 to peer 0x130008000 (8 bytes)
1726300350.096527 sending message 112 to peer 0x130008000 (13 bytes)
1726300350.096530 sending message 112 to peer 0x130008000 (13 bytes)
1726300350.096534 sending message 112 to peer 0x130008000 (13 bytes)
1726300350.096537 sending message 112 to peer 0x130008000 (13 bytes)
1726300350.096540 sending message 112 to peer 0x130008000 (13 bytes)
1726300350.096543 sending message 112 to peer 0x130008000 (12 bytes)
1726300350.096547 sending message 112 to peer 0x130008000 (12 bytes)
1726300350.096551 sending message 112 to peer 0x130008000 (12 bytes)
1726300350.096556 sending message 112 to peer 0x130008000 (12 bytes)
1726300350.096560 sending message 112 to peer 0x130008000 (13 bytes)
1726300350.096564 sending message 112 to peer 0x130008000 (8 bytes)
1726300350.096569 sending message 112 to peer 0x130008000 (13 bytes)
1726300350.096573 sending message 112 to peer 0x130008000 (13 bytes)
1726300350.096576 sending message 112 to peer 0x130008000 (13 bytes)
1726300350.096581 sending message 112 to peer 0x130008000 (13 bytes)
1726300350.096585 sending message 112 to peer 0x130008000 (13 bytes)
1726300350.096589 sending message 112 to peer 0x130008000 (13 bytes)
1726300350.096593 sending message 112 to peer 0x130008000 (13 bytes)
1726300350.096598 sending message 112 to peer 0x130008000 (12 bytes)
1726300350.096602 sending message 112 to peer 0x130008000 (12 bytes)
1726300350.096607 sending message 112 to peer 0x130008000 (12 bytes)
1726300350.096610 sending message 112 to peer 0x130008000 (8 bytes)
1726300350.096615 sending message 112 to peer 0x130008000 (12 bytes)
1726300350.096626 sending message 112 to peer 0x130008000 (13 bytes)
1726300350.096630 sending message 112 to peer 0x130008000 (13 bytes)
1726300350.096634 sending message 112 to peer 0x130008000 (13 bytes)
1726300350.096639 sending message 112 to peer 0x130008000 (13 bytes)
1726300350.096642 sending message 112 to peer 0x130008000 (13 bytes)
1726300350.096647 sending message 112 to peer 0x130008000 (13 bytes)
1726300350.096651 sending message 112 to peer 0x130008000 (13 bytes)
1726300350.096655 sending message 112 to peer 0x130008000 (13 bytes)
1726300350.096660 sending message 112 to peer 0x130008000 (12 bytes)
1726300350.096664 sending message 112 to peer 0x130008000 (10 bytes)
1726300350.096668 sending message 112 to peer 0x130008000 (12 bytes)
1726300350.096673 sending message 112 to peer 0x130008000 (12 bytes)
1726300350.096676 sending message 112 to peer 0x130008000 (12 bytes)
1726300350.096679 sending message 112 to peer 0x130008000 (13 bytes)
1726300350.096684 sending message 112 to peer 0x130008000 (13 bytes)
1726300350.096688 sending message 112 to peer 0x130008000 (13 bytes)
1726300350.096692 sending message 112 to peer 0x130008000 (13 bytes)
1726300350.096697 sending message 112 to peer 0x130008000 (13 bytes)
1726300350.096701 sending message 112 to peer 0x130008000 (13 bytes)
1726300350.096706 sending message 112 to peer 0x130008000 (13 bytes)
1726300350.096711 sending message 112 to peer 0x130008000 (10 bytes)
1726300350.096716 sending message 112 to peer 0x130008000 (13 bytes)
1726300350.096719 sending message 112 to peer 0x130008000 (12 bytes)
1726300350.096724 sending message 112 to peer 0x130008000 (12 bytes)
1726300350.096728 sending message 112 to peer 0x130008000 (12 bytes)
1726300350.096732 sending message 112 to peer 0x130008000 (10 bytes)
1726300350.096737 sending message 112 to peer 0x130008000 (10 bytes)
1726300350.096741 sending message 112 to peer 0x130008000 (10 bytes)
1726300350.096746 sending message 112 to peer 0x130008000 (12 bytes)
1726300350.096749 sending message 112 to peer 0x130008000 (13 bytes)
1726300350.096754 sending message 112 to peer 0x130008000 (13 bytes)
1726300350.096758 sending message 112 to peer 0x130008000 (13 bytes)
1726300350.096762 sending message 112 to peer 0x130008000 (13 bytes)
1726300350.096767 sending message 112 to peer 0x130008000 (13 bytes)
1726300350.096771 sending message 112 to peer 0x130008000 (10 bytes)
1726300350.096775 sending message 112 to peer 0x130008000 (11 bytes)
1726300350.096779 sending message 112 to peer 0x130008000 (12 bytes)
1726300350.096784 sending message 112 to peer 0x130008000 (12 bytes)
1726300350.096787 sending message 112 to peer 0x130008000 (12 bytes)
1726300350.096791 sending message 112 to peer 0x130008000 (12 bytes)
1726300350.096796 sending message 112 to peer 0x130008000 (12 bytes)
1726300350.096800 sending message 112 to peer 0x130008000 (11 bytes)
1726300350.096804 sending message 112 to peer 0x130008000 (12 bytes)
1726300350.096809 sending message 112 to peer 0x130008000 (12 bytes)
1726300350.096813 sending message 112 to peer 0x130008000 (13 bytes)
1726300350.096818 sending message 112 to peer 0x130008000 (13 bytes)
1726300350.096821 sending message 112 to peer 0x130008000 (13 bytes)
1726300350.096824 sending message 112 to peer 0x130008000 (13 bytes)
1726300350.096829 sending message 112 to peer 0x130008000 (13 bytes)
1726300350.096832 sending message 112 to peer 0x130008000 (10 bytes)
1726300350.096837 sending message 112 to peer 0x130008000 (9 bytes)
1726300350.096841 sending message 112 to peer 0x130008000 (12 bytes)
1726300350.096846 sending message 112 to peer 0x130008000 (13 bytes)
1726300350.096851 sending message 112 to peer 0x130008000 (13 bytes)
1726300350.096855 sending message 112 to peer 0x130008000 (13 bytes)
1726300350.096859 sending message 112 to peer 0x130008000 (13 bytes)
1726300350.096863 sending message 112 to peer 0x130008000 (13 bytes)
1726300350.096868 sending message 112 to peer 0x130008000 (9 bytes)
1726300350.096872 sending message 112 to peer 0x130008000 (12 bytes)
1726300350.096877 sending message 112 to peer 0x130008000 (13 bytes)
1726300350.096887 sending message 112 to peer 0x130008000 (13 bytes)
1726300350.096891 sending message 112 to peer 0x130008000 (13 bytes)
1726300350.096896 sending message 112 to peer 0x130008000 (13 bytes)
1726300350.096900 sending message 112 to peer 0x130008000 (13 bytes)
1726300350.096904 sending message 112 to peer 0x130008000 (11 bytes)
1726300350.096909 sending message 112 to peer 0x130008000 (12 bytes)
1726300350.096914 sending message 112 to peer 0x130008000 (13 bytes)
1726300350.096919 sending message 112 to peer 0x130008000 (13 bytes)
1726300350.096922 sending message 112 to peer 0x130008000 (13 bytes)
1726300350.096926 sending message 112 to peer 0x130008000 (13 bytes)
1726300350.096931 sending message 112 to peer 0x130008000 (13 bytes)
1726300350.096935 sending message 112 to peer 0x130008000 (11 bytes)
1726300350.096939 sending message 112 to peer 0x130008000 (12 bytes)
1726300350.096943 sending message 112 to peer 0x130008000 (12 bytes)
1726300350.096948 sending message 112 to peer 0x130008000 (12 bytes)
1726300350.096952 sending message 112 to peer 0x130008000 (12 bytes)
1726300350.096957 sending message 112 to peer 0x130008000 (12 bytes)
1726300350.096961 sending message 112 to peer 0x130008000 (21 bytes)
1726300350.096966 sending message 112 to peer 0x130008000 (12 bytes)
1726300350.096969 sending message 112 to peer 0x130008000 (9 bytes)
1726300350.096972 sending message 112 to peer 0x130008000 (6 bytes)
1726300350.096976 sending message 112 to peer 0x130008000 (13 bytes)
1726300350.096980 sending message 112 to peer 0x130008000 (10 bytes)
1726300350.096984 sending message 112 to peer 0x130008000 (15 bytes)
1726300350.096988 sending message 112 to peer 0x130008000 (13 bytes)
1726300350.096993 sending message 112 to peer 0x130008000 (9 bytes)
1726300350.096997 sending message 112 to peer 0x130008000 (70 bytes)
1726300350.097001 sending message 112 to peer 0x130008000 (69 bytes)
1726300350.097005 sending message 112 to peer 0x130008000 (12 bytes)
1726300350.097010 sending message 112 to peer 0x130008000 (10 bytes)
1726300350.097015 sending message 112 to peer 0x130008000 (10 bytes)
1726300350.097019 sending message 112 to peer 0x130008000 (15 bytes)
1726300350.097024 sending message 112 to peer 0x130008000 (13 bytes)
1726300350.097028 sending message 112 to peer 0x130008000 (10 bytes)
1726300350.097032 sending message 112 to peer 0x130008000 (10 bytes)
1726300350.097036 sending message 112 to peer 0x130008000 (13 bytes)
1726300350.097041 sending message 112 to peer 0x130008000 (15 bytes)
1726300350.097045 sending message 112 to peer 0x130008000 (5 bytes)
1726300350.097055 sending message 104 to peer 0x130008000 (0 bytes)
1726300350.097060 sending message 110 to peer 0x130008000 (0 bytes)
1726300350.097064 sending message 107 to peer 0x130008000 (4 bytes)
1726300350.097069 sending message 105 to peer 0x130008000 (34 bytes)
1726300350.097073 sending message 105 to peer 0x130008000 (164 bytes)
1726300350.097091 sending message 105 to peer 0x130008000 (54 bytes)
1726300350.097096 sending message 105 to peer 0x130008000 (14 bytes)
1726300350.097100 sending message 105 to peer 0x130008000 (66 bytes)
1726300350.097104 sending message 105 to peer 0x130008000 (24 bytes)
1726300350.097107 sending message 105 to peer 0x130008000 (36 bytes)
1726300350.097112 sending message 105 to peer 0x130008000 (14 bytes)
1726300350.097116 sending message 105 to peer 0x130008000 (17 bytes)
1726300350.097120 sending message 105 to peer 0x130008000 (82 bytes)
1726300350.097124 sending message 105 to peer 0x130008000 (68 bytes)
1726300350.097129 sending message 105 to peer 0x130008000 (15 bytes)
1726300350.097133 sending message 105 to peer 0x130008000 (33 bytes)
1726300350.097137 sending message 105 to peer 0x130008000 (210 bytes)
1726300350.097142 sending message 105 to peer 0x130008000 (19 bytes)
1726300350.097146 sending message 105 to peer 0x130008000 (32 bytes)
1726300350.097150 sending message 105 to peer 0x130008000 (42 bytes)
1726300350.097155 sending message 105 to peer 0x130008000 (334 bytes)
1726300350.097170 sending message 105 to peer 0x130008000 (53 bytes)
1726300350.097175 sending message 105 to peer 0x130008000 (35 bytes)
1726300350.097180 sending message 105 to peer 0x130008000 (26 bytes)
1726300350.097185 sending message 105 to peer 0x130008000 (20 bytes)
1726300350.097189 sending message 105 to peer 0x130008000 (57 bytes)
1726300350.097193 sending message 105 to peer 0x130008000 (20 bytes)
1726300350.097198 sending message 105 to peer 0x130008000 (73 bytes)
1726300350.097201 sending message 105 to peer 0x130008000 (53 bytes)
1726300350.097206 sending message 105 to peer 0x130008000 (12 bytes)
1726300350.097210 sending message 105 to peer 0x130008000 (86 bytes)
1726300350.097214 sending message 105 to peer 0x130008000 (38 bytes)
1726300350.097219 sending message 105 to peer 0x130008000 (18 bytes)
1726300350.097223 sending message 105 to peer 0x130008000 (24 bytes)
1726300350.097228 sending message 105 to peer 0x130008000 (24 bytes)
1726300350.097233 sending message 105 to peer 0x130008000 (586 bytes)
1726300350.097238 sending message 105 to peer 0x130008000 (62 bytes)
1726300350.097242 sending message 105 to peer 0x130008000 (45 bytes)
1726300350.097245 sending message 105 to peer 0x130008000 (63 bytes)
1726300350.097249 sending message 105 to peer 0x130008000 (21 bytes)
1726300350.097253 sending message 105 to peer 0x130008000 (25 bytes)
1726300350.097257 sending message 105 to peer 0x130008000 (18 bytes)
1726300350.097261 sending message 105 to peer 0x130008000 (25 bytes)
1726300350.097266 sending message 105 to peer 0x130008000 (28 bytes)
1726300350.097275 sending message 105 to peer 0x130008000 (31 bytes)
1726300350.097280 sending message 105 to peer 0x130008000 (20 bytes)
1726300350.097284 sending message 105 to peer 0x130008000 (28 bytes)
1726300350.097289 sending message 105 to peer 0x130008000 (8 bytes)
1726300350.097294 sending message 105 to peer 0x130008000 (22 bytes)
1726300350.097298 sending message 105 to peer 0x130008000 (20 bytes)
1726300350.097303 sending message 105 to peer 0x130008000 (22 bytes)
1726300350.097308 sending message 105 to peer 0x130008000 (89 bytes)
1726300350.097313 sending message 106 to peer 0x130008000 (0 bytes)
1726300350.097392 sending message 200 to peer 0x130008000 (4 bytes)
1726300350.097398 client loop enter
1726300350.097411 client_signal: Child exited: 20
1726300350.540158 peer 0x130008000 message 207
1726300350.540189 sending message 208 to peer 0x130008000 (0 bytes)
1726300352.210700 peer 0x130008000 message 203
1726300352.210730 sending message 205 to peer 0x130008000 (0 bytes)
1726300352.211065 peer 0x130008000 message 204
1726300352.211080 client loop exit
